2026-04-12T15:37:38.862+05:30  INFO 25584 --- [ocp-demo-1] [restartedMain] com.skh.OcpDemo1Application              : Starting OcpDemo1Application using Java 21.0.8 with PID 25584 (D:\Practice\all-practice-projects\sbms\ocp-demo-1\ocp-demo-1\build\classes\java\main started by Dell in D:\Practice\all-practice-projects\sbms\ocp-demo-1\ocp-demo-1)
2026-04-12T15:37:38.867+05:30  INFO 25584 --- [ocp-demo-1] [restartedMain] com.skh.OcpDemo1Application              : No active profile set, falling back to 1 default profile: "default"
2026-04-12T15:37:38.939+05:30  INFO 25584 --- [ocp-demo-1] [restartedMain] .e.DevToolsPropertyDefaultsPostProcessor : Devtools property defaults active! Set 'spring.devtools.add-properties' to 'false' to disable
2026-04-12T15:37:40.569+05:30  INFO 25584 --- [ocp-demo-1] [restartedMain] o.s.b.a.e.web.EndpointLinksResolver      : Exposing 1 endpoint beneath base path '/actuator'
2026-04-12T15:37:41.093+05:30  INFO 25584 --- [ocp-demo-1] [restartedMain] o.s.boot.reactor.netty.NettyWebServer    : Netty started on port 9001 (http)
2026-04-12T15:37:41.099+05:30  INFO 25584 --- [ocp-demo-1] [restartedMain] com.skh.OcpDemo1Application              : Started OcpDemo1Application in 2.814 seconds (process running for 3.917)
2026-04-12T15:37:48.880+05:30  INFO 25584 --- [ocp-demo-1] [reactor-http-nio-2] com.skh.OCPDemoController                : Hi welcome to OCPDemoController, port: 9001
2026-04-12T16:12:11.086+05:30  INFO 25584 --- [ocp-demo-1] [SpringApplicationShutdownHook] o.s.boot.reactor.netty.GracefulShutdown  : Commencing graceful shutdown. Waiting for active requests to complete
2026-04-12T16:12:11.088+05:30  INFO 25584 --- [ocp-demo-1] [netty-shutdown] o.s.boot.reactor.netty.GracefulShutdown  : Graceful shutdown complete
2026-04-12T17:40:57.774+05:30  INFO 32508 --- [ocp-demo-1] [restartedMain] com.skh.OcpDemo1Application              : Starting OcpDemo1Application using Java 21.0.8 with PID 32508 (D:\Practice\all-practice-projects\sbms\ocp-demo-1\ocp-demo-1\build\classes\java\main started by Dell in D:\Practice\all-practice-projects\sbms\ocp-demo-1\ocp-demo-1)
2026-04-12T17:40:57.780+05:30  INFO 32508 --- [ocp-demo-1] [restartedMain] com.skh.OcpDemo1Application              : No active profile set, falling back to 1 default profile: "default"
2026-04-12T17:40:57.868+05:30  INFO 32508 --- [ocp-demo-1] [restartedMain] .e.DevToolsPropertyDefaultsPostProcessor : Devtools property defaults active! Set 'spring.devtools.add-properties' to 'false' to disable
2026-04-12T17:41:00.311+05:30  INFO 32508 --- [ocp-demo-1] [restartedMain] o.s.b.a.e.web.EndpointLinksResolver      : Exposing 1 endpoint beneath base path '/actuator'
2026-04-12T17:41:01.424+05:30  INFO 32508 --- [ocp-demo-1] [restartedMain] o.s.boot.reactor.netty.NettyWebServer    : Netty started on port 9001 (http)
2026-04-12T17:41:01.443+05:30  INFO 32508 --- [ocp-demo-1] [restartedMain] com.skh.OcpDemo1Application              : Started OcpDemo1Application in 4.303 seconds (process running for 5.186)
2026-04-12T17:44:23.519+05:30  INFO 32508 --- [ocp-demo-1] [SpringApplicationShutdownHook] o.s.boot.reactor.netty.GracefulShutdown  : Commencing graceful shutdown. Waiting for active requests to complete
2026-04-12T17:44:23.522+05:30  INFO 32508 --- [ocp-demo-1] [netty-shutdown] o.s.boot.reactor.netty.GracefulShutdown  : Graceful shutdown complete
2026-04-12T17:44:26.605+05:30  INFO 33428 --- [ocp-demo-1] [restartedMain] com.skh.OcpDemo1Application              : Starting OcpDemo1Application using Java 21.0.8 with PID 33428 (D:\Practice\all-practice-projects\sbms\ocp-demo-1\ocp-demo-1\build\classes\java\main started by Dell in D:\Practice\all-practice-projects\sbms\ocp-demo-1\ocp-demo-1)
2026-04-12T17:44:26.611+05:30  INFO 33428 --- [ocp-demo-1] [restartedMain] com.skh.OcpDemo1Application              : No active profile set, falling back to 1 default profile: "default"
2026-04-12T17:44:26.692+05:30  INFO 33428 --- [ocp-demo-1] [restartedMain] .e.DevToolsPropertyDefaultsPostProcessor : Devtools property defaults active! Set 'spring.devtools.add-properties' to 'false' to disable
2026-04-12T17:44:28.883+05:30  INFO 33428 --- [ocp-demo-1] [restartedMain] o.s.b.a.e.web.EndpointLinksResolver      : Exposing 1 endpoint beneath base path '/actuator'
2026-04-12T17:44:29.969+05:30  INFO 33428 --- [ocp-demo-1] [restartedMain] o.s.boot.reactor.netty.NettyWebServer    : Netty started on port 9001 (http)
2026-04-12T17:44:29.985+05:30  INFO 33428 --- [ocp-demo-1] [restartedMain] com.skh.OcpDemo1Application              : Started OcpDemo1Application in 4.17 seconds (process running for 5.066)
2026-04-12T17:46:53.033+05:30  INFO 33428 --- [ocp-demo-1] [SpringApplicationShutdownHook] o.s.boot.reactor.netty.GracefulShutdown  : Commencing graceful shutdown. Waiting for active requests to complete
2026-04-12T17:46:53.035+05:30  INFO 33428 --- [ocp-demo-1] [netty-shutdown] o.s.boot.reactor.netty.GracefulShutdown  : Graceful shutdown complete
2026-04-12T17:48:09.136+05:30  INFO 21500 --- [ocp-demo-1] [restartedMain] com.skh.OcpDemo1Application              : Starting OcpDemo1Application using Java 21.0.8 with PID 21500 (D:\Practice\all-practice-projects\sbms\ocp-demo-1\ocp-demo-1\build\classes\java\main started by Dell in D:\Practice\all-practice-projects\sbms\ocp-demo-1\ocp-demo-1)
2026-04-12T17:48:09.142+05:30  INFO 21500 --- [ocp-demo-1] [restartedMain] com.skh.OcpDemo1Application              : No active profile set, falling back to 1 default profile: "default"
2026-04-12T17:48:09.211+05:30  INFO 21500 --- [ocp-demo-1] [restartedMain] .e.DevToolsPropertyDefaultsPostProcessor : Devtools property defaults active! Set 'spring.devtools.add-properties' to 'false' to disable
2026-04-12T17:48:10.893+05:30  INFO 21500 --- [ocp-demo-1] [restartedMain] o.s.b.a.e.web.EndpointLinksResolver      : Exposing 1 endpoint beneath base path '/actuator'
2026-04-12T17:48:11.436+05:30  INFO 21500 --- [ocp-demo-1] [restartedMain] o.s.boot.reactor.netty.NettyWebServer    : Netty started on port 9001 (http)
2026-04-12T17:48:11.444+05:30  INFO 21500 --- [ocp-demo-1] [restartedMain] com.skh.OcpDemo1Application              : Started OcpDemo1Application in 2.873 seconds (process running for 3.623)
2026-04-12T17:49:40.114+05:30  INFO 21500 --- [ocp-demo-1] [SpringApplicationShutdownHook] o.s.boot.reactor.netty.GracefulShutdown  : Commencing graceful shutdown. Waiting for active requests to complete
2026-04-12T17:49:40.117+05:30  INFO 21500 --- [ocp-demo-1] [netty-shutdown] o.s.boot.reactor.netty.GracefulShutdown  : Graceful shutdown complete
2026-04-12T17:49:43.165+05:30  INFO 32952 --- [ocp-demo-1] [restartedMain] com.skh.OcpDemo1Application              : Starting OcpDemo1Application using Java 21.0.8 with PID 32952 (D:\Practice\all-practice-projects\sbms\ocp-demo-1\ocp-demo-1\build\classes\java\main started by Dell in D:\Practice\all-practice-projects\sbms\ocp-demo-1\ocp-demo-1)
2026-04-12T17:49:43.173+05:30  INFO 32952 --- [ocp-demo-1] [restartedMain] com.skh.OcpDemo1Application              : No active profile set, falling back to 1 default profile: "default"
2026-04-12T17:49:43.246+05:30  INFO 32952 --- [ocp-demo-1] [restartedMain] .e.DevToolsPropertyDefaultsPostProcessor : Devtools property defaults active! Set 'spring.devtools.add-properties' to 'false' to disable
2026-04-12T17:49:45.000+05:30  INFO 32952 --- [ocp-demo-1] [restartedMain] o.s.b.a.e.web.EndpointLinksResolver      : Exposing 14 endpoints beneath base path '/actuator'
2026-04-12T17:49:45.571+05:30  INFO 32952 --- [ocp-demo-1] [restartedMain] o.s.boot.reactor.netty.NettyWebServer    : Netty started on port 9001 (http)
2026-04-12T17:49:45.579+05:30  INFO 32952 --- [ocp-demo-1] [restartedMain] com.skh.OcpDemo1Application              : Started OcpDemo1Application in 2.995 seconds (process running for 3.9)
2026-04-12T17:55:36.842+05:30  INFO 32952 --- [ocp-demo-1] [SpringApplicationShutdownHook] o.s.boot.reactor.netty.GracefulShutdown  : Commencing graceful shutdown. Waiting for active requests to complete
2026-04-12T17:55:36.845+05:30  INFO 32952 --- [ocp-demo-1] [netty-shutdown] o.s.boot.reactor.netty.GracefulShutdown  : Graceful shutdown complete
2026-04-12T18:03:56.917+05:30  INFO 31184 --- [ocp-demo-1] [restartedMain] com.skh.OcpDemo1Application              : Starting OcpDemo1Application using Java 21.0.8 with PID 31184 (D:\Practice\all-practice-projects\sbms\ocp-demo-1\ocp-demo-1\build\classes\java\main started by Dell in D:\Practice\all-practice-projects\sbms\ocp-demo-1\ocp-demo-1)
2026-04-12T18:03:56.925+05:30  INFO 31184 --- [ocp-demo-1] [restartedMain] com.skh.OcpDemo1Application              : No active profile set, falling back to 1 default profile: "default"
2026-04-12T18:03:57.013+05:30  INFO 31184 --- [ocp-demo-1] [restartedMain] .e.DevToolsPropertyDefaultsPostProcessor : Devtools property defaults active! Set 'spring.devtools.add-properties' to 'false' to disable
2026-04-12T18:03:58.624+05:30  INFO 31184 --- [ocp-demo-1] [restartedMain] o.s.b.a.e.web.EndpointLinksResolver      : Exposing 14 endpoints beneath base path '/actuator'
2026-04-12T18:03:59.155+05:30  INFO 31184 --- [ocp-demo-1] [restartedMain] o.s.boot.reactor.netty.NettyWebServer    : Netty started on port 9001 (http)
2026-04-12T18:03:59.160+05:30  INFO 31184 --- [ocp-demo-1] [restartedMain] com.skh.OcpDemo1Application              : Started OcpDemo1Application in 2.763 seconds (process running for 3.523)
2026-04-12T18:04:10.340+05:30  INFO 31184 --- [ocp-demo-1] [reactor-http-nio-2] com.skh.OCPDemoController                : Hi welcome to OCPDemoController, port: 9001
2026-04-12T18:04:12.511+05:30  INFO 31184 --- [ocp-demo-1] [reactor-http-nio-2] com.skh.OCPDemoController                : Hi welcome to OCPDemoController, port: 9001
2026-04-12T18:04:12.620+05:30  INFO 31184 --- [ocp-demo-1] [reactor-http-nio-2] com.skh.OCPDemoController                : Hi welcome to OCPDemoController, port: 9001
2026-04-12T18:04:12.776+05:30  INFO 31184 --- [ocp-demo-1] [reactor-http-nio-2] com.skh.OCPDemoController                : Hi welcome to OCPDemoController, port: 9001
2026-04-12T18:04:12.942+05:30  INFO 31184 --- [ocp-demo-1] [reactor-http-nio-2] com.skh.OCPDemoController                : Hi welcome to OCPDemoController, port: 9001
2026-04-12T18:04:13.104+05:30  INFO 31184 --- [ocp-demo-1] [reactor-http-nio-2] com.skh.OCPDemoController                : Hi welcome to OCPDemoController, port: 9001
2026-04-12T18:04:57.761+05:30  INFO 31184 --- [ocp-demo-1] [reactor-http-nio-2] com.skh.OCPDemoController                : Hi welcome to OCPDemoController, port: 9001
2026-04-12T18:04:57.930+05:30  INFO 31184 --- [ocp-demo-1] [reactor-http-nio-2] com.skh.OCPDemoController                : Hi welcome to OCPDemoController, port: 9001
2026-04-12T18:04:58.087+05:30  INFO 31184 --- [ocp-demo-1] [reactor-http-nio-2] com.skh.OCPDemoController                : Hi welcome to OCPDemoController, port: 9001
2026-04-12T18:04:58.250+05:30  INFO 31184 --- [ocp-demo-1] [reactor-http-nio-2] com.skh.OCPDemoController                : Hi welcome to OCPDemoController, port: 9001
2026-04-12T18:04:58.411+05:30  INFO 31184 --- [ocp-demo-1] [reactor-http-nio-2] com.skh.OCPDemoController                : Hi welcome to OCPDemoController, port: 9001
2026-04-12T18:04:58.574+05:30  INFO 31184 --- [ocp-demo-1] [reactor-http-nio-2] com.skh.OCPDemoController                : Hi welcome to OCPDemoController, port: 9001
2026-04-12T18:04:58.726+05:30  INFO 31184 --- [ocp-demo-1] [reactor-http-nio-2] com.skh.OCPDemoController                : Hi welcome to OCPDemoController, port: 9001
2026-04-12T18:04:58.881+05:30  INFO 31184 --- [ocp-demo-1] [reactor-http-nio-2] com.skh.OCPDemoController                : Hi welcome to OCPDemoController, port: 9001
2026-04-12T18:04:59.030+05:30  INFO 31184 --- [ocp-demo-1] [reactor-http-nio-2] com.skh.OCPDemoController                : Hi welcome to OCPDemoController, port: 9001
2026-04-12T18:04:59.180+05:30  INFO 31184 --- [ocp-demo-1] [reactor-http-nio-2] com.skh.OCPDemoController                : Hi welcome to OCPDemoController, port: 9001
2026-04-12T18:04:59.361+05:30  INFO 31184 --- [ocp-demo-1] [reactor-http-nio-2] com.skh.OCPDemoController                : Hi welcome to OCPDemoController, port: 9001
2026-04-12T18:04:59.652+05:30  INFO 31184 --- [ocp-demo-1] [reactor-http-nio-2] com.skh.OCPDemoController                : Hi welcome to OCPDemoController, port: 9001
2026-04-12T18:04:59.815+05:30  INFO 31184 --- [ocp-demo-1] [reactor-http-nio-2] com.skh.OCPDemoController                : Hi welcome to OCPDemoController, port: 9001
2026-04-12T18:04:59.980+05:30  INFO 31184 --- [ocp-demo-1] [reactor-http-nio-2] com.skh.OCPDemoController                : Hi welcome to OCPDemoController, port: 9001
2026-04-12T18:05:00.145+05:30  INFO 31184 --- [ocp-demo-1] [reactor-http-nio-2] com.skh.OCPDemoController                : Hi welcome to OCPDemoController, port: 9001
2026-04-12T18:05:00.318+05:30  INFO 31184 --- [ocp-demo-1] [reactor-http-nio-2] com.skh.OCPDemoController                : Hi welcome to OCPDemoController, port: 9001
2026-04-12T18:05:00.463+05:30  INFO 31184 --- [ocp-demo-1] [reactor-http-nio-2] com.skh.OCPDemoController                : Hi welcome to OCPDemoController, port: 9001
2026-04-12T18:05:00.618+05:30  INFO 31184 --- [ocp-demo-1] [reactor-http-nio-2] com.skh.OCPDemoController                : Hi welcome to OCPDemoController, port: 9001
2026-04-12T18:05:00.778+05:30  INFO 31184 --- [ocp-demo-1] [reactor-http-nio-2] com.skh.OCPDemoController                : Hi welcome to OCPDemoController, port: 9001
2026-04-12T18:08:57.357+05:30  INFO 31184 --- [ocp-demo-1] [SpringApplicationShutdownHook] o.s.boot.reactor.netty.GracefulShutdown  : Commencing graceful shutdown. Waiting for active requests to complete
2026-04-12T18:08:57.359+05:30  INFO 31184 --- [ocp-demo-1] [netty-shutdown] o.s.boot.reactor.netty.GracefulShutdown  : Graceful shutdown complete
2026-04-12T18:10:14.494+05:30  INFO 30940 --- [ocp-demo-1] [restartedMain] com.skh.OcpDemo1Application              : Starting OcpDemo1Application using Java 21.0.8 with PID 30940 (D:\Practice\all-practice-projects\sbms\ocp-demo-1\ocp-demo-1\build\classes\java\main started by Dell in D:\Practice\all-practice-projects\sbms\ocp-demo-1\ocp-demo-1)
2026-04-12T18:10:14.501+05:30  INFO 30940 --- [ocp-demo-1] [restartedMain] com.skh.OcpDemo1Application              : No active profile set, falling back to 1 default profile: "default"
2026-04-12T18:10:14.604+05:30  INFO 30940 --- [ocp-demo-1] [restartedMain] .e.DevToolsPropertyDefaultsPostProcessor : Devtools property defaults active! Set 'spring.devtools.add-properties' to 'false' to disable
2026-04-12T18:10:16.365+05:30  INFO 30940 --- [ocp-demo-1] [restartedMain] o.s.b.a.e.web.EndpointLinksResolver      : Exposing 14 endpoints beneath base path '/actuator'
2026-04-12T18:10:16.891+05:30  INFO 30940 --- [ocp-demo-1] [restartedMain] o.s.boot.reactor.netty.NettyWebServer    : Netty started on port 9001 (http)
2026-04-12T18:10:16.898+05:30  INFO 30940 --- [ocp-demo-1] [restartedMain] com.skh.OcpDemo1Application              : Started OcpDemo1Application in 2.977 seconds (process running for 3.777)
2026-04-12T18:11:31.425+05:30  INFO 30940 --- [ocp-demo-1] [reactor-http-nio-2] com.skh.OCPDemoController                : Hi welcome to OCPDemoController, port: 9001
2026-04-12T18:11:31.542+05:30  INFO 30940 --- [ocp-demo-1] [reactor-http-nio-3] com.skh.OCPDemoController                : Hi welcome to OCPDemoController, port: 9001
2026-04-12T18:11:31.694+05:30  INFO 30940 --- [ocp-demo-1] [reactor-http-nio-3] com.skh.OCPDemoController                : Hi welcome to OCPDemoController, port: 9001
2026-04-12T18:11:31.848+05:30  INFO 30940 --- [ocp-demo-1] [reactor-http-nio-3] com.skh.OCPDemoController                : Hi welcome to OCPDemoController, port: 9001
2026-04-12T18:11:31.997+05:30  INFO 30940 --- [ocp-demo-1] [reactor-http-nio-3] com.skh.OCPDemoController                : Hi welcome to OCPDemoController, port: 9001
2026-04-12T18:11:32.152+05:30  INFO 30940 --- [ocp-demo-1] [reactor-http-nio-3] com.skh.OCPDemoController                : Hi welcome to OCPDemoController, port: 9001
2026-04-12T18:11:32.310+05:30  INFO 30940 --- [ocp-demo-1] [reactor-http-nio-3] com.skh.OCPDemoController                : Hi welcome to OCPDemoController, port: 9001
2026-04-12T18:11:32.602+05:30  INFO 30940 --- [ocp-demo-1] [reactor-http-nio-3] com.skh.OCPDemoController                : Hi welcome to OCPDemoController, port: 9001
2026-04-12T18:11:32.772+05:30  INFO 30940 --- [ocp-demo-1] [reactor-http-nio-3] com.skh.OCPDemoController                : Hi welcome to OCPDemoController, port: 9001
2026-04-12T18:11:32.923+05:30  INFO 30940 --- [ocp-demo-1] [reactor-http-nio-3] com.skh.OCPDemoController                : Hi welcome to OCPDemoController, port: 9001
2026-04-12T18:17:03.359+05:30  INFO 30940 --- [ocp-demo-1] [SpringApplicationShutdownHook] o.s.boot.reactor.netty.GracefulShutdown  : Commencing graceful shutdown. Waiting for active requests to complete
2026-04-12T18:17:03.360+05:30  INFO 30940 --- [ocp-demo-1] [netty-shutdown] o.s.boot.reactor.netty.GracefulShutdown  : Graceful shutdown complete
2026-04-12T18:20:19.452+05:30  INFO 26912 --- [ocp-demo-1] [restartedMain] com.skh.OcpDemo1Application              : Starting OcpDemo1Application using Java 21.0.8 with PID 26912 (D:\Practice\all-practice-projects\sbms\ocp-demo-1\ocp-demo-1\build\classes\java\main started by Dell in D:\Practice\all-practice-projects\sbms\ocp-demo-1\ocp-demo-1)
2026-04-12T18:20:19.469+05:30  INFO 26912 --- [ocp-demo-1] [restartedMain] com.skh.OcpDemo1Application              : No active profile set, falling back to 1 default profile: "default"
2026-04-12T18:20:19.606+05:30  INFO 26912 --- [ocp-demo-1] [restartedMain] .e.DevToolsPropertyDefaultsPostProcessor : Devtools property defaults active! Set 'spring.devtools.add-properties' to 'false' to disable
2026-04-12T18:20:22.330+05:30  INFO 26912 --- [ocp-demo-1] [restartedMain] o.s.b.a.e.web.EndpointLinksResolver      : Exposing 14 endpoints beneath base path '/actuator'
2026-04-12T18:20:23.331+05:30  INFO 26912 --- [ocp-demo-1] [restartedMain] o.s.boot.reactor.netty.NettyWebServer    : Netty started on port 9001 (http)
2026-04-12T18:20:23.346+05:30  INFO 26912 --- [ocp-demo-1] [restartedMain] com.skh.OcpDemo1Application              : Started OcpDemo1Application in 4.71 seconds (process running for 5.853)
2026-04-12T18:26:05.515+05:30  INFO 26912 --- [ocp-demo-1] [SpringApplicationShutdownHook] o.s.boot.reactor.netty.GracefulShutdown  : Commencing graceful shutdown. Waiting for active requests to complete
2026-04-12T18:26:05.517+05:30  INFO 26912 --- [ocp-demo-1] [netty-shutdown] o.s.boot.reactor.netty.GracefulShutdown  : Graceful shutdown complete
2026-04-12T19:06:23.414+05:30  INFO 26552 --- [ocp-demo-1] [Test worker] com.skh.OcpDemo1ApplicationTests         : Starting OcpDemo1ApplicationTests using Java 21.0.8 with PID 26552 (started by Dell in D:\Practice\all-practice-projects\sbms\ocp-demo-1\ocp-demo-1)
2026-04-12T19:06:23.418+05:30  INFO 26552 --- [ocp-demo-1] [Test worker] com.skh.OcpDemo1ApplicationTests         : No active profile set, falling back to 1 default profile: "default"
2026-04-12T19:06:25.701+05:30  INFO 26552 --- [ocp-demo-1] [Test worker] o.s.b.a.e.web.EndpointLinksResolver      : Exposing 13 endpoints beneath base path '/actuator'
2026-04-12T19:06:26.399+05:30  INFO 26552 --- [ocp-demo-1] [Test worker] com.skh.OcpDemo1ApplicationTests         : Started OcpDemo1ApplicationTests in 3.348 seconds (process running for 5.23)
2026-04-12T19:06:36.106+05:30  INFO 19392 --- [ocp-demo-1] [restartedMain] com.skh.OcpDemo1Application              : Starting OcpDemo1Application using Java 21.0.8 with PID 19392 (D:\Practice\all-practice-projects\sbms\ocp-demo-1\ocp-demo-1\build\classes\java\main started by Dell in D:\Practice\all-practice-projects\sbms\ocp-demo-1\ocp-demo-1)
2026-04-12T19:06:36.115+05:30  INFO 19392 --- [ocp-demo-1] [restartedMain] com.skh.OcpDemo1Application              : No active profile set, falling back to 1 default profile: "default"
2026-04-12T19:06:36.211+05:30  INFO 19392 --- [ocp-demo-1] [restartedMain] .e.DevToolsPropertyDefaultsPostProcessor : Devtools property defaults active! Set 'spring.devtools.add-properties' to 'false' to disable
2026-04-12T19:06:38.044+05:30  INFO 19392 --- [ocp-demo-1] [restartedMain] o.s.b.a.e.web.EndpointLinksResolver      : Exposing 14 endpoints beneath base path '/actuator'
2026-04-12T19:06:38.656+05:30  INFO 19392 --- [ocp-demo-1] [restartedMain] o.s.boot.reactor.netty.NettyWebServer    : Netty started on port 9001 (http)
2026-04-12T19:06:38.664+05:30  INFO 19392 --- [ocp-demo-1] [restartedMain] com.skh.OcpDemo1Application              : Started OcpDemo1Application in 3.203 seconds (process running for 4.046)
2026-04-12T19:07:14.836+05:30  INFO 19392 --- [ocp-demo-1] [reactor-http-nio-3] com.skh.OCPDemoController                : Hi welcome to OCPDemoController, port: 9001
2026-04-12T19:07:14.975+05:30  INFO 19392 --- [ocp-demo-1] [reactor-http-nio-3] com.skh.OCPDemoController                : Hi welcome to OCPDemoController, port: 9001
2026-04-12T19:07:15.135+05:30  INFO 19392 --- [ocp-demo-1] [reactor-http-nio-3] com.skh.OCPDemoController                : Hi welcome to OCPDemoController, port: 9001
2026-04-12T19:07:15.425+05:30  INFO 19392 --- [ocp-demo-1] [reactor-http-nio-3] com.skh.OCPDemoController                : Hi welcome to OCPDemoController, port: 9001
2026-04-12T19:07:15.595+05:30  INFO 19392 --- [ocp-demo-1] [reactor-http-nio-3] com.skh.OCPDemoController                : Hi welcome to OCPDemoController, port: 9001
2026-04-12T19:07:15.779+05:30  INFO 19392 --- [ocp-demo-1] [reactor-http-nio-3] com.skh.OCPDemoController                : Hi welcome to OCPDemoController, port: 9001
2026-04-12T19:07:15.933+05:30  INFO 19392 --- [ocp-demo-1] [reactor-http-nio-3] com.skh.OCPDemoController                : Hi welcome to OCPDemoController, port: 9001
2026-04-12T19:07:16.095+05:30  INFO 19392 --- [ocp-demo-1] [reactor-http-nio-3] com.skh.OCPDemoController                : Hi welcome to OCPDemoController, port: 9001
2026-04-12T19:07:59.046+05:30  INFO 19392 --- [ocp-demo-1] [reactor-http-nio-3] com.skh.OCPDemoController                : Hi welcome to OCPDemoController, port: 9001
2026-04-12T19:07:59.199+05:30  INFO 19392 --- [ocp-demo-1] [reactor-http-nio-3] com.skh.OCPDemoController                : Hi welcome to OCPDemoController, port: 9001
2026-04-12T19:07:59.355+05:30  INFO 19392 --- [ocp-demo-1] [reactor-http-nio-3] com.skh.OCPDemoController                : Hi welcome to OCPDemoController, port: 9001
2026-04-12T19:08:03.746+05:30  INFO 19392 --- [ocp-demo-1] [reactor-http-nio-3] com.skh.OCPDemoController                : Hi your full name is azad shaik, port: 9001
2026-04-12T19:08:05.225+05:30  INFO 19392 --- [ocp-demo-1] [reactor-http-nio-3] com.skh.OCPDemoController                : Hi your full name is azad shaik, port: 9001
2026-04-12T19:08:05.393+05:30  INFO 19392 --- [ocp-demo-1] [reactor-http-nio-3] com.skh.OCPDemoController                : Hi your full name is azad shaik, port: 9001
2026-04-12T19:08:05.559+05:30  INFO 19392 --- [ocp-demo-1] [reactor-http-nio-3] com.skh.OCPDemoController                : Hi your full name is azad shaik, port: 9001
2026-04-12T19:08:05.728+05:30  INFO 19392 --- [ocp-demo-1] [reactor-http-nio-3] com.skh.OCPDemoController                : Hi your full name is azad shaik, port: 9001
2026-04-12T19:08:05.869+05:30  INFO 19392 --- [ocp-demo-1] [reactor-http-nio-3] com.skh.OCPDemoController                : Hi your full name is azad shaik, port: 9001
2026-04-12T19:08:06.031+05:30  INFO 19392 --- [ocp-demo-1] [reactor-http-nio-3] com.skh.OCPDemoController                : Hi your full name is azad shaik, port: 9001
2026-04-12T19:08:06.192+05:30  INFO 19392 --- [ocp-demo-1] [reactor-http-nio-3] com.skh.OCPDemoController                : Hi your full name is azad shaik, port: 9001
2026-04-12T19:08:06.367+05:30  INFO 19392 --- [ocp-demo-1] [reactor-http-nio-3] com.skh.OCPDemoController                : Hi your full name is azad shaik, port: 9001
2026-04-12T19:08:06.514+05:30  INFO 19392 --- [ocp-demo-1] [reactor-http-nio-3] com.skh.OCPDemoController                : Hi your full name is azad shaik, port: 9001
2026-04-12T19:08:50.575+05:30  INFO 19392 --- [ocp-demo-1] [reactor-http-nio-3] com.skh.OCPDemoController                : Hi your full name is azad shaik, port: 9001
2026-04-12T19:08:50.728+05:30  INFO 19392 --- [ocp-demo-1] [reactor-http-nio-3] com.skh.OCPDemoController                : Hi your full name is azad shaik, port: 9001
2026-04-12T19:08:50.880+05:30  INFO 19392 --- [ocp-demo-1] [reactor-http-nio-3] com.skh.OCPDemoController                : Hi your full name is azad shaik, port: 9001
